<?xml version="1.0" encoding="UTF-8"?>
<testsuite name="TestSuite" time="153.034" tests="4" errors="0" skipped="0" failures="1">
  <properties>
[...]
</properties>
  <testcase name="Login" classname="mainclass" time="17.007"/>
  <testcase name="CreateSheet" classname="mainclass" time="2.688"/>
  <testcase name="International_Transfer3" classname="mainclass" time="128.058">
    <failure message="An element could not be located on the page using the given search parameters.&#10;For documentation on this error, please visit: https://www.seleniumhq.org/exceptions/no_such_element.html&#10;Build info: version: &apos;3.141.59&apos;, revision: &apos;e82be7d358&apos;, time: &apos;2018-11-14T08:17:03&apos;&#10;System info: host: &apos;DESKTOP-2G08521&apos;, ip: &apos;172.17.4.209&apos;, os.name: &apos;Windows 10&apos;, os.arch: &apos;amd64&apos;, os.version: &apos;10.0&apos;, java.version: &apos;1.8.0_221&apos;&#10;Driver info: io.appium.java_client.android.AndroidDriver&#10;Capabilities {appActivity: com.backbase.model.view.act..., appPackage: com.backbase.retail.neoUATMob, automationName: UiAutomator2, databaseEnabled: false, desired: {appActivity: com.backbase.model.view.act..., appPackage: com.backbase.retail.neoUATMob, automationName: UiAutomator2, deviceName: SM S7, noReset: true, platformName: android, udid: ce0117110d33510204}, deviceApiLevel: 26, deviceManufacturer: samsung, deviceModel: SM-G935F, deviceName: ce0117110d33510204, deviceScreenDensity: 560, deviceScreenSize: 1440x2560, deviceUDID: ce0117110d33510204, javascriptEnabled: true, locationContextEnabled: false, networkConnectionEnabled: true, noReset: true, pixelRatio: 3.5, platform: LINUX, platformName: Android, platformVersion: 8.0.0, statBarHeight: 84, takesScreenshot: true, udid: ce0117110d33510204, viewportRect: {height: 2476, left: 0, top: 84, width: 1440}, warnings: {}, webStorageEnabled: false}&#10;Session ID: a9d62c0f-7734-474f-89db-cfd7853ba52e&#10;*** Element info: {Using=id, value=com.backbase.retail.neoUATMob:id/displayFilterName}" type="org.openqa.selenium.NoSuchElementException">org.openqa.selenium.NoSuchElementException: An element could not be located on the page using the given search parameters.
For documentation on this error, please visit: https://www.seleniumhq.org/exceptions/no_such_element.html
Build info: version: '3.141.59', revision: 'e82be7d358', time: '2018-11-14T08:17:03'
System info: host: 'DESKTOP-2G08521', ip: '172.17.4.209', os.name: 'Windows 10', os.arch: 'amd64', os.version: '10.0', java.version: '1.8.0_221'
Driver info: io.appium.java_client.android.AndroidDriver
Capabilities {appActivity: com.backbase.model.view.act..., appPackage: com.backbase.retail.neoUATMob, automationName: UiAutomator2, databaseEnabled: false, desired: {appActivity: com.backbase.model.view.act..., appPackage: com.backbase.retail.neoUATMob, automationName: UiAutomator2, deviceName: SM S7, noReset: true, platformName: android, udid: ce0117110d33510204}, deviceApiLevel: 26, deviceManufacturer: samsung, deviceModel: SM-G935F, deviceName: ce0117110d33510204, deviceScreenDensity: 560, deviceScreenSize: 1440x2560, deviceUDID: ce0117110d33510204, javascriptEnabled: true, locationContextEnabled: false, networkConnectionEnabled: true, noReset: true, pixelRatio: 3.5, platform: LINUX, platformName: Android, platformVersion: 8.0.0, statBarHeight: 84, takesScreenshot: true, udid: ce0117110d33510204, viewportRect: {height: 2476, left: 0, top: 84, width: 1440}, warnings: {}, webStorageEnabled: false}
Session ID: a9d62c0f-7734-474f-89db-cfd7853ba52e
*** Element info: {Using=id, value=com.backbase.retail.neoUATMob:id/displayFilterName}
	at sun.reflect.GeneratedConstructorAccessor17.newInstance(Unknown Source)
	at sun.reflect.DelegatingConstructorAccessorImpl.newInstance(DelegatingConstructorAccessorImpl.java:45)
	at java.lang.reflect.Constructor.newInstance(Constructor.java:423)
	at org.openqa.selenium.remote.http.W3CHttpResponseCodec.createException(W3CHttpResponseCodec.java:187)
	at org.openqa.selenium.remote.http.W3CHttpResponseCodec.decode(W3CHttpResponseCodec.java:122)
	at org.openqa.selenium.remote.http.W3CHttpResponseCodec.decode(W3CHttpResponseCodec.java:49)
	at org.openqa.selenium.remote.HttpCommandExecutor.execute(HttpCommandExecutor.java:158)
	at io.appium.java_client.remote.AppiumCommandExecutor.execute(AppiumCommandExecutor.java:239)
	at org.openqa.selenium.remote.RemoteWebDriver.execute(RemoteWebDriver.java:552)
	at io.appium.java_client.DefaultGenericMobileDriver.execute(DefaultGenericMobileDriver.java:41)
	at io.appium.java_client.AppiumDriver.execute(AppiumDriver.java:1)
	at io.appium.java_client.android.AndroidDriver.execute(AndroidDriver.java:1)
	at org.openqa.selenium.remote.RemoteWebDriver.findElement(RemoteWebDriver.java:323)
	at io.appium.java_client.DefaultGenericMobileDriver.findElement(DefaultGenericMobileDriver.java:61)
	at io.appium.java_client.AppiumDriver.findElement(AppiumDriver.java:1)
	at io.appium.java_client.android.AndroidDriver.findElement(AndroidDriver.java:1)
	at org.openqa.selenium.remote.RemoteWebDriver.findElementById(RemoteWebDriver.java:372)
	at io.appium.java_client.DefaultGenericMobileDriver.findElementById(DefaultGenericMobileDriver.java:69)
	at io.appium.java_client.AppiumDriver.findElementById(AppiumDriver.java:1)
	at io.appium.java_client.android.AndroidDriver.findElementById(AndroidDriver.java:1)
	at TransactionPage.clickAllpayments(TransactionPage.java:19)
	at Methods.International_Transfer(Methods.java:103)
	at mainclass.International_Transfer3(mainclass.java:79)
</failure>
    <system-out><![CDATA[2020-05-29 23:32:49 INFO  rootLogger : 
Account Balance: BHD 70,511.544

2020-05-29 23:33:15 INFO  rootLogger : Equivalent Amount :4.226
2020-05-29 23:33:15 INFO  rootLogger : Debited Amount :BHD 10.374
2020-05-29 23:33:15 INFO  rootLogger : Exchange Rate : EUR 1 = BHD 0.422572
2020-05-29 23:33:16 INFO  rootLogger : Transfer amount: BHD 4.226
2020-05-29 23:33:22 INFO  rootLogger : Remittance fees : BHD 0.000
2020-05-29 23:33:22 INFO  rootLogger : correspondent charges : BHD 6.148
2020-05-29 23:33:22 INFO  rootLogger : VAT : BHD 0.000
Your excel Beneficiary DATA has been written!
*********************BENEFICIARY SCREEN DETAILS ARE CAPTURED************************
2020-05-29 23:34:07 INFO  rootLogger : Review payment validation started : 
Assertion Passed in Test 
Assertion Passed in Test 
Assertion Passed in Test 
Assertion Passed in Test 
Assertion Passed in Test 
Assertion Passed in Test 
Assertion Passed in Test 
Assertion Passed in Test 
Assertion Passed in Test 
Assertion Passed in Test 
2020-05-29 23:34:22 INFO  rootLogger : Payment Status : Payment Submitted
2020-05-29 23:34:22 INFO  rootLogger : Final screen  validation started : 
Assertion Passed in Test 
Assertion Passed in Test 
Assertion Passed in Test 
Assertion Passed in Test 
2020-05-29 23:34:23 INFO  rootLogger : Reference Number 810125370000
Assertion Passed in Test 
Assertion Passed in Test 
Assertion Passed in Test 
Assertion Passed in Test 
Assertion Passed in Test 
Assertion Passed in Test 
Your excel DATA has been written!
Assertion Passed in Test 
Your excel DATA has been written!
]]></system-out>
  </testcase>
  <testcase name="logout" classname="mainclass" time="5.281"/>
</testsuite>