<?xml version="1.0" encoding="UTF-8"?>
<testng-results skipped="0" failed="1" ignored="0" total="4" passed="3">
  <reporter-output>
  </reporter-output>
  <suite name="All Test Suite" duration-ms="196481" started-at="2020-05-29T18:01:40Z" finished-at="2020-05-29T18:04:56Z">
    <groups>
    </groups>
    <test name="Test Run" duration-ms="196481" started-at="2020-05-29T18:01:40Z" finished-at="2020-05-29T18:04:56Z">
      <class name="mainclass">
        <test-method status="PASS" signature="launchDevice()[pri:0, instance:mainclass@6cc4c815]" name="launchDevice" is-config="true" duration-ms="43198" started-at="2020-05-29T18:01:40Z" finished-at="2020-05-29T18:02:23Z">
          <reporter-output>
          </reporter-output>
        </test-method> <!-- launchDevice -->
        <test-method status="PASS" signature="Login()[pri:0, instance:mainclass@6cc4c815]" name="Login" duration-ms="16992" started-at="2020-05-29T18:02:23Z" finished-at="2020-05-29T18:02:40Z">
          <reporter-output>
          </reporter-output>
        </test-method> <!-- Login -->
        <test-method status="PASS" signature="CreateSheet()[pri:1, instance:mainclass@6cc4c815]" name="CreateSheet" duration-ms="2703" started-at="2020-05-29T18:02:40Z" finished-at="2020-05-29T18:02:42Z">
          <reporter-output>
          </reporter-output>
        </test-method> <!-- CreateSheet -->
        <test-method status="FAIL" signature="International_Transfer3(java.lang.String, java.lang.String, java.lang.String)[pri:2, instance:mainclass@6cc4c815]" name="International_Transfer3" duration-ms="128027" started-at="2020-05-29T18:02:42Z" data-provider="ExecutionData" finished-at="2020-05-29T18:04:50Z">
          <params>
            <param index="0">
              <value>
                <![CDATA[BHD]]>
              </value>
            </param>
            <param index="1">
              <value>
                <![CDATA[EUR]]>
              </value>
            </param>
            <param index="2">
              <value>
                <![CDATA[IPAC]]>
              </value>
            </param>
          </params>
          <exception class="org.openqa.selenium.NoSuchElementException">
            <message>
              <![CDATA[An element could not be located on the page using the given search parameters.
For documentation on this error, please visit: https://www.seleniumhq.org/exceptions/no_such_element.html
Build info: version: '3.141.59', revision: 'e82be7d358', time: '2018-11-14T08:17:03'
System info: host: 'DESKTOP-2G08521', ip: '172.17.4.209', os.name: 'Windows 10', os.arch: 'amd64', os.version: '10.0', java.version: '1.8.0_221'
Driver info: io.appium.java_client.android.AndroidDriver
Capabilities {appActivity: com.backbase.model.view.act..., appPackage: com.backbase.retail.neoUATMob, automationName: UiAutomator2, databaseEnabled: false, desired: {appActivity: com.backbase.model.view.act..., appPackage: com.backbase.retail.neoUATMob, automationName: UiAutomator2, deviceName: SM S7, noReset: true, platformName: android, udid: ce0117110d33510204}, deviceApiLevel: 26, deviceManufacturer: samsung, deviceModel: SM-G935F, deviceName: ce0117110d33510204, deviceScreenDensity: 560, deviceScreenSize: 1440x2560, deviceUDID: ce0117110d33510204, javascriptEnabled: true, locationContextEnabled: false, networkConnectionEnabled: true, noReset: true, pixelRatio: 3.5, platform: LINUX, platformName: Android, platformVersion: 8.0.0, statBarHeight: 84, takesScreenshot: true, udid: ce0117110d33510204, viewportRect: {height: 2476, left: 0, top: 84, width: 1440}, warnings: {}, webStorageEnabled: false}
Session ID: a9d62c0f-7734-474f-89db-cfd7853ba52e
*** Element info: {Using=id, value=com.backbase.retail.neoUATMob:id/displayFilterName}]]>
            </message>
            <full-stacktrace>
              <![CDATA[org.openqa.selenium.NoSuchElementException: An element could not be located on the page using the given search parameters.
For documentation on this error, please visit: https://www.seleniumhq.org/exceptions/no_such_element.html
Build info: version: '3.141.59', revision: 'e82be7d358', time: '2018-11-14T08:17:03'
System info: host: 'DESKTOP-2G08521', ip: '172.17.4.209', os.name: 'Windows 10', os.arch: 'amd64', os.version: '10.0', java.version: '1.8.0_221'
Driver info: io.appium.java_client.android.AndroidDriver
Capabilities {appActivity: com.backbase.model.view.act..., appPackage: com.backbase.retail.neoUATMob, automationName: UiAutomator2, databaseEnabled: false, desired: {appActivity: com.backbase.model.view.act..., appPackage: com.backbase.retail.neoUATMob, automationName: UiAutomator2, deviceName: SM S7, noReset: true, platformName: android, udid: ce0117110d33510204}, deviceApiLevel: 26, deviceManufacturer: samsung, deviceModel: SM-G935F, deviceName: ce0117110d33510204, deviceScreenDensity: 560, deviceScreenSize: 1440x2560, deviceUDID: ce0117110d33510204, javascriptEnabled: true, locationContextEnabled: false, networkConnectionEnabled: true, noReset: true, pixelRatio: 3.5, platform: LINUX, platformName: Android, platformVersion: 8.0.0, statBarHeight: 84, takesScreenshot: true, udid: ce0117110d33510204, viewportRect: {height: 2476, left: 0, top: 84, width: 1440}, warnings: {}, webStorageEnabled: false}
Session ID: a9d62c0f-7734-474f-89db-cfd7853ba52e
*** Element info: {Using=id, value=com.backbase.retail.neoUATMob:id/displayFilterName}
at sun.reflect.GeneratedConstructorAccessor17.newInstance(Unknown Source)
at sun.reflect.DelegatingConstructorAccessorImpl.newInstance(DelegatingConstructorAccessorImpl.java:45)
at java.lang.reflect.Constructor.newInstance(Constructor.java:423)
at org.openqa.selenium.remote.http.W3CHttpResponseCodec.createException(W3CHttpResponseCodec.java:187)
at org.openqa.selenium.remote.http.W3CHttpResponseCodec.decode(W3CHttpResponseCodec.java:122)
at org.openqa.selenium.remote.http.W3CHttpResponseCodec.decode(W3CHttpResponseCodec.java:49)
at org.openqa.selenium.remote.HttpCommandExecutor.execute(HttpCommandExecutor.java:158)
at io.appium.java_client.remote.AppiumCommandExecutor.execute(AppiumCommandExecutor.java:239)
at org.openqa.selenium.remote.RemoteWebDriver.execute(RemoteWebDriver.java:552)
at io.appium.java_client.DefaultGenericMobileDriver.execute(DefaultGenericMobileDriver.java:41)
at io.appium.java_client.AppiumDriver.execute(AppiumDriver.java:1)
at io.appium.java_client.android.AndroidDriver.execute(AndroidDriver.java:1)
at org.openqa.selenium.remote.RemoteWebDriver.findElement(RemoteWebDriver.java:323)
at io.appium.java_client.DefaultGenericMobileDriver.findElement(DefaultGenericMobileDriver.java:61)
at io.appium.java_client.AppiumDriver.findElement(AppiumDriver.java:1)
at io.appium.java_client.android.AndroidDriver.findElement(AndroidDriver.java:1)
at org.openqa.selenium.remote.RemoteWebDriver.findElementById(RemoteWebDriver.java:372)
at io.appium.java_client.DefaultGenericMobileDriver.findElementById(DefaultGenericMobileDriver.java:69)
at io.appium.java_client.AppiumDriver.findElementById(AppiumDriver.java:1)
at io.appium.java_client.android.AndroidDriver.findElementById(AndroidDriver.java:1)
at TransactionPage.clickAllpayments(TransactionPage.java:19)
at Methods.International_Transfer(Methods.java:103)
at mainclass.International_Transfer3(mainclass.java:79)
at sun.reflect.NativeMethodAccessorImpl.invoke0(Native Method)
at sun.reflect.NativeMethodAccessorImpl.invoke(NativeMethodAccessorImpl.java:62)
at sun.reflect.DelegatingMethodAccessorImpl.invoke(DelegatingMethodAccessorImpl.java:43)
at java.lang.reflect.Method.invoke(Method.java:498)
at org.testng.internal.MethodInvocationHelper.invokeMethod(MethodInvocationHelper.java:124)
at org.testng.internal.Invoker.invokeMethod(Invoker.java:583)
at org.testng.internal.Invoker.invokeTestMethod(Invoker.java:719)
at org.testng.internal.Invoker.invokeTestMethods(Invoker.java:989)
at org.testng.internal.TestMethodWorker.invokeTestMethods(TestMethodWorker.java:125)
at org.testng.internal.TestMethodWorker.run(TestMethodWorker.java:109)
at org.testng.TestRunner.privateRun(TestRunner.java:648)
at org.testng.TestRunner.run(TestRunner.java:505)
at org.testng.SuiteRunner.runTest(SuiteRunner.java:455)
at org.testng.SuiteRunner.runSequentially(SuiteRunner.java:450)
at org.testng.SuiteRunner.privateRun(SuiteRunner.java:415)
at org.testng.SuiteRunner.run(SuiteRunner.java:364)
at org.testng.SuiteRunnerWorker.runSuite(SuiteRunnerWorker.java:52)
at org.testng.SuiteRunnerWorker.run(SuiteRunnerWorker.java:84)
at org.testng.TestNG.runSuitesSequentially(TestNG.java:1208)
at org.testng.TestNG.runSuitesLocally(TestNG.java:1137)
at org.testng.TestNG.runSuites(TestNG.java:1049)
at org.testng.TestNG.run(TestNG.java:1017)
at org.apache.maven.surefire.testng.TestNGExecutor.run(TestNGExecutor.java:295)
at org.apache.maven.surefire.testng.TestNGXmlTestSuite.execute(TestNGXmlTestSuite.java:84)
at org.apache.maven.surefire.testng.TestNGProvider.invoke(TestNGProvider.java:90)
at org.apache.maven.surefire.booter.ForkedBooter.invokeProviderInSameClassLoader(ForkedBooter.java:203)
at org.apache.maven.surefire.booter.ForkedBooter.runSuitesInProcess(ForkedBooter.java:155)
at org.apache.maven.surefire.booter.ForkedBooter.main(ForkedBooter.java:103)
]]>
            </full-stacktrace>
          </exception> <!-- org.openqa.selenium.NoSuchElementException -->
          <reporter-output>
          </reporter-output>
        </test-method> <!-- International_Transfer3 -->
        <test-method status="PASS" signature="logout()[pri:3, instance:mainclass@6cc4c815]" name="logout" duration-ms="5297" started-at="2020-05-29T18:04:51Z" finished-at="2020-05-29T18:04:56Z">
          <reporter-output>
          </reporter-output>
        </test-method> <!-- logout -->
        <test-method status="PASS" signature="CloseApp()[pri:0, instance:mainclass@6cc4c815]" name="CloseApp" is-config="true" duration-ms="234" started-at="2020-05-29T18:04:56Z" finished-at="2020-05-29T18:04:56Z">
          <reporter-output>
          </reporter-output>
        </test-method> <!-- CloseApp -->
      </class> <!-- mainclass -->
    </test> <!-- Test Run -->
  </suite> <!-- All Test Suite -->
</testng-results>
